#
# A fatal error has been detected by the Java Runtime Environment:
#
#  EXCEPTION_ACCESS_VIOLATION (0xc0000005) at pc=0x000000006c895127, pid=13516, tid=0x0000000000001d10
#
# JRE version: Java(TM) SE Runtime Environment (8.0_251-b08) (build 1.8.0_251-b08)
# Java VM: Java HotSpot(TM) 64-Bit Server VM (25.251-b08 mixed mode windows-amd64 compressed oops)
# Problematic frame:
# V  [jvm.dll+0x215127]
#
# Failed to write core dump. Minidumps are not enabled by default on client versions of Windows
#
# If you would like to submit a bug report, please visit:
#   http://bugreport.java.com/bugreport/crash.jsp
#

---------------  T H R E A D  ---------------

Current thread (0x000000001e20f000):  JavaThread "Thread-3706" [_thread_in_vm, id=7440, stack(0x00000000008a0000,0x00000000009a0000)]

siginfo: ExceptionCode=0xc0000005, writing address 0x00000000009993e0

Registers:
RAX=0x00000000009993e0, RBX=0x0000000000000007, RCX=0x0000000000006000, RDX=0x0000000000000006
RSP=0x000000000099f3e0, RBP=0x0000000000000000, RSI=0x000000000099f3e0, RDI=0x0000000000000007
R8 =0x0000000000000006, R9 =0x000000001e038b80, R10=0x000000001b5f5400, R11=0x00000000008aa160
R12=0x000000001e038b80, R13=0x000000001e20f000, R14=0x000000000099f4a8, R15=0x000000001b5f5400
RIP=0x000000006c895127, EFLAGS=0x0000000000010202

Top of Stack: (sp=0x000000000099f3e0)
0x000000000099f3e0:   0000000000000001 00000007c0006c48
0x000000000099f3f0:   000000001e20f000 000000001e038b80
0x000000000099f400:   00000000ffffffff 000000006c896057
0x000000000099f410:   000000000099f510 000000001b5f5400
0x000000000099f420:   000000001e20f000 000000006c741193
0x000000000099f430:   000000000099f470 000000001e20f000
0x000000000099f440:   000000000099f500 000000001e20f000
0x000000000099f450:   000000001b5f5400 000000001e20f000
0x000000000099f460:   0000000002536e60 000000001e20f000
0x000000000099f470:   000000001b5f5400 000000001e20f000
0x000000000099f480:   000000001b1dc678 000000001e20f000
0x000000000099f490:   0000000000000001 000000001b5f5400
0x000000000099f4a0:   000000001e20f000 000000002541e470
0x000000000099f4b0:   000000001e20f000 000000006c7428fd
0x000000000099f4c0:   000000000099f7c8 00000007c0006c48
0x000000000099f4d0:   00000007c0099cc8 0000000000000000 

Instructions: (pc=0x000000006c895127)
0x000000006c895107:   48 89 6c 24 30 33 ed 66 90 e8 6b 5e 08 00 ff c3
0x000000006c895117:   48 63 c8 48 8b c6 48 0f af cf 48 ff c7 48 2b c1
0x000000006c895127:   89 28 48 63 c3 48 3b 05 f5 f8 59 00 7e db 48 8b
0x000000006c895137:   6c 24 30 48 8b 5c 24 38 48 8b 74 24 40 48 83 c4 


Register to memory mapping:

RAX=0x00000000009993e0 is pointing into the stack for thread: 0x000000001e20f000
RBX=0x0000000000000007 is an unknown value
RCX=0x0000000000006000 is an unknown value
RDX=0x0000000000000006 is an unknown value
RSP=0x000000000099f3e0 is pointing into the stack for thread: 0x000000001e20f000
RBP=0x0000000000000000 is an unknown value
RSI=0x000000000099f3e0 is pointing into the stack for thread: 0x000000001e20f000
RDI=0x0000000000000007 is an unknown value
R8 =0x0000000000000006 is an unknown value
R9 =0x000000001e038b80 is an unknown value
R10={method} {0x000000001b5f5408} 'run' '()V' in 'ohHellCore/AiThread'
R11=0x00000000008aa160 is pointing into the stack for thread: 0x000000001e20f000
R12=0x000000001e038b80 is an unknown value
R13=0x000000001e20f000 is a thread
R14=0x000000000099f4a8 is pointing into the stack for thread: 0x000000001e20f000
R15={method} {0x000000001b5f5408} 'run' '()V' in 'ohHellCore/AiThread'


Stack: [0x00000000008a0000,0x00000000009a0000],  sp=0x000000000099f3e0,  free space=1020k
Native frames: (J=compiled Java code, j=interpreted, Vv=VM code, C=native code)


---------------  P R O C E S S  ---------------

Java Threads: ( => current thread )
  0x000000002c22e000 JavaThread "Timer-1890" [_thread_blocked, id=17064, stack(0x0000000030a40000,0x0000000030b40000)]
  0x000000002c22d000 JavaThread "Timer-1889" [_thread_blocked, id=2516, stack(0x0000000030940000,0x0000000030a40000)]
  0x000000002c225800 JavaThread "Timer-1888" [_thread_blocked, id=2368, stack(0x0000000030840000,0x0000000030940000)]
  0x000000002c228000 JavaThread "Timer-1887" [_thread_blocked, id=10588, stack(0x0000000030740000,0x0000000030840000)]
  0x000000002c227000 JavaThread "Timer-1886" [_thread_blocked, id=16004, stack(0x0000000030640000,0x0000000030740000)]
  0x000000002c225000 JavaThread "Timer-1885" [_thread_blocked, id=1756, stack(0x0000000030540000,0x0000000030640000)]
  0x000000002c226800 JavaThread "Timer-1884" [_thread_blocked, id=2656, stack(0x0000000030440000,0x0000000030540000)]
  0x000000001e212000 JavaThread "Timer-1883" [_thread_blocked, id=16536, stack(0x0000000030340000,0x0000000030440000)]
  0x000000001e214800 JavaThread "Timer-1882" [_thread_blocked, id=6212, stack(0x0000000030240000,0x0000000030340000)]
  0x000000001e213800 JavaThread "Timer-1881" [_thread_blocked, id=9796, stack(0x0000000030040000,0x0000000030140000)]
  0x000000001e213000 JavaThread "Timer-1880" [_thread_blocked, id=16360, stack(0x000000002ff40000,0x0000000030040000)]
  0x000000001e215000 JavaThread "Timer-1879" [_thread_blocked, id=3972, stack(0x000000002fe40000,0x000000002ff40000)]
  0x000000001e216000 JavaThread "Timer-1878" [_thread_blocked, id=14460, stack(0x000000002fd40000,0x000000002fe40000)]
  0x000000001e211800 JavaThread "Timer-1877" [_thread_blocked, id=2740, stack(0x000000002d960000,0x000000002da60000)]
  0x000000001e210800 JavaThread "Timer-1876" [_thread_blocked, id=17336, stack(0x000000002d860000,0x000000002d960000)]
  0x000000001e210000 JavaThread "Timer-1875" [_thread_blocked, id=1712, stack(0x00000000286b0000,0x00000000287b0000)]
=>0x000000001e20f000 JavaThread "Thread-3706" [_thread_in_vm, id=7440, stack(0x00000000008a0000,0x00000000009a0000)]
  0x000000001dff5800 JavaThread "TimerQueue" daemon [_thread_blocked, id=12124, stack(0x000000002b5c0000,0x000000002b6c0000)]
  0x000000001dd44000 JavaThread "D3D Screen Updater" daemon [_thread_blocked, id=18404, stack(0x000000002aab0000,0x000000002abb0000)]
  0x000000001dd27800 JavaThread "AWT-EventQueue-0" [_thread_blocked, id=17184, stack(0x00000000262b0000,0x00000000263b0000)]
  0x000000001dd58800 JavaThread "AWT-Windows" daemon [_thread_in_native, id=7736, stack(0x000000001e730000,0x000000001e830000)]
  0x000000001dfc9800 JavaThread "AWT-Shutdown" [_thread_blocked, id=12340, stack(0x000000001e630000,0x000000001e730000)]
  0x000000001dfc9000 JavaThread "Java2D Disposer" daemon [_thread_blocked, id=17668, stack(0x000000001e4f0000,0x000000001e5f0000)]
  0x000000000053e000 JavaThread "DestroyJavaVM" [_thread_blocked, id=17452, stack(0x00000000022f0000,0x00000000023f0000)]
  0x000000001d818000 JavaThread "Thread-0" [_thread_blocked, id=8948, stack(0x000000001dbf0000,0x000000001dcf0000)]
  0x000000001d4e8800 JavaThread "Service Thread" daemon [_thread_blocked, id=7432, stack(0x000000001d8b0000,0x000000001d9b0000)]
  0x000000001bb5a800 JavaThread "C1 CompilerThread2" daemon [_thread_blocked, id=12688, stack(0x000000001d3b0000,0x000000001d4b0000)]
  0x000000001bb54800 JavaThread "C2 CompilerThread1" daemon [_thread_blocked, id=3268, stack(0x000000001d2b0000,0x000000001d3b0000)]
  0x000000001bb4e000 JavaThread "C2 CompilerThread0" daemon [_thread_blocked, id=7140, stack(0x000000001d1b0000,0x000000001d2b0000)]
  0x000000001bb4c800 JavaThread "Attach Listener" daemon [_thread_blocked, id=924, stack(0x000000001d0b0000,0x000000001d1b0000)]
  0x000000001bb4b800 JavaThread "Signal Dispatcher" daemon [_thread_blocked, id=11156, stack(0x000000001cfb0000,0x000000001d0b0000)]
  0x000000001bb3a800 JavaThread "Finalizer" daemon [_thread_blocked, id=14964, stack(0x000000001cdb0000,0x000000001ceb0000)]
  0x00000000024e2000 JavaThread "Reference Handler" daemon [_thread_blocked, id=15728, stack(0x000000001ccb0000,0x000000001cdb0000)]

Other Threads:
  0x000000001bb17800 VMThread [stack: 0x000000001cbb0000,0x000000001ccb0000] [id=18132]
  0x000000001bbad800 WatcherThread [stack: 0x000000001d9b0000,0x000000001dab0000] [id=13292]

VM state:not at safepoint (normal execution)

VM Mutex/Monitor currently owned by a thread: None

OutOfMemory and StackOverflow Exception counts:
OutOfMemoryError java_heap_errors=1

heap address: 0x00000006c0c00000, size: 4084 MB, Compressed Oops mode: Zero based, Oop shift amount: 3
Narrow klass base: 0x0000000000000000, Narrow klass shift: 3
Compressed class space size: 1073741824 Address: 0x00000007c0000000

Heap:
 PSYoungGen      total 1370112K, used 797411K [0x000000076af00000, 0x00000007bfe00000, 0x00000007c0000000)
  eden space 1348096K, 58% used [0x000000076af00000,0x000000079b1c8e00,0x00000007bd380000)
  from space 22016K, 36% used [0x00000007be880000,0x00000007bf070000,0x00000007bfe00000)
  to   space 21504K, 0% used [0x00000007bd380000,0x00000007bd380000,0x00000007be880000)
 ParOldGen       total 104448K, used 32385K [0x00000006c0c00000, 0x00000006c7200000, 0x000000076af00000)
  object space 104448K, 31% used [0x00000006c0c00000,0x00000006c2ba0780,0x00000006c7200000)
 Metaspace       used 12246K, capacity 12582K, committed 12928K, reserved 1060864K
  class space    used 1453K, capacity 1548K, committed 1664K, reserved 1048576K

Card table byte_map: [0x00000000118b0000,0x00000000120b0000] byte_map_base: 0x000000000e2aa000

Marking Bits: (ParMarkBitMap*) 0x000000006ceaaf90
 Begin Bits: [0x0000000012a10000, 0x00000000169e0000)
 End Bits:   [0x00000000169e0000, 0x000000001a9b0000)

Polling page: 0x0000000000520000

CodeCache: size=245760Kb used=8776Kb max_used=9005Kb free=236983Kb
 bounds [0x00000000024f0000, 0x0000000002e20000, 0x00000000114f0000]
 total_blobs=2813 nmethods=2339 adapters=386
 compilation: enabled

Compilation events (10 events):
Event: 1338.418 Thread 0x000000001bb54800 3356       4       java.util.LinkedList::add (32 bytes)
Event: 1338.420 Thread 0x000000001bb54800 nmethod 3356 0x00000000029af790 code [0x00000000029af8e0, 0x00000000029afb48]
Event: 1339.114 Thread 0x000000001bb4e000 3357  s!   4       javax.swing.text.AbstractDocument::writeLock (86 bytes)
Event: 1339.116 Thread 0x000000001bb4e000 nmethod 3357 0x0000000002b8a350 code [0x0000000002b8a4a0, 0x0000000002b8a7f8]
Event: 1344.586 Thread 0x000000001bb54800 3358 %     4       java.lang.ref.Reference$ReferenceHandler::run @ 0 (8 bytes)
Event: 1344.587 Thread 0x000000001bb54800 nmethod 3358% 0x000000000296f490 code [0x000000000296f5e0, 0x000000000296f668]
Event: 1353.751 Thread 0x000000001bb4e000 3359   !   4       javax.swing.plaf.basic.BasicTextUI::modelToView (143 bytes)
Event: 1353.807 Thread 0x000000001bb4e000 nmethod 3359 0x0000000002b29110 code [0x0000000002b29440, 0x0000000002b2c1a0]
Event: 1365.739 Thread 0x000000001bb54800 3360       4       javax.swing.text.JTextComponent::getScrollableTracksViewportHeight (34 bytes)
Event: 1365.743 Thread 0x000000001bb54800 nmethod 3360 0x0000000002a50050 code [0x0000000002a501e0, 0x0000000002a50648]

GC Heap History (10 events):
Event: 1363.493 GC heap before
{Heap before GC invocations=2726 (full 24):
 PSYoungGen      total 1368576K, used 1359776K [0x000000076af00000, 0x00000007bfe00000, 0x00000007c0000000)
  eden space 1345536K, 100% used [0x000000076af00000,0x00000007bd100000,0x00000007bd100000)
  from space 23040K, 61% used [0x00000007bd100000,0x00000007bdee8000,0x00000007be780000)
  to   space 22016K, 0% used [0x00000007be880000,0x00000007be880000,0x00000007bfe00000)
 ParOldGen       total 104448K, used 31169K [0x00000006c0c00000, 0x00000006c7200000, 0x000000076af00000)
  object space 104448K, 29% used [0x00000006c0c00000,0x00000006c2a70780,0x00000006c7200000)
 Metaspace       used 12242K, capacity 12582K, committed 12928K, reserved 1060864K
  class space    used 1452K, capacity 1548K, committed 1664K, reserved 1048576K
Event: 1363.494 GC heap after
Heap after GC invocations=2726 (full 24):
 PSYoungGen      total 1367552K, used 576K [0x000000076af00000, 0x00000007bfe00000, 0x00000007c0000000)
  eden space 1345536K, 0% used [0x000000076af00000,0x000000076af00000,0x00000007bd100000)
  from space 22016K, 2% used [0x00000007be880000,0x00000007be910000,0x00000007bfe00000)
  to   space 23040K, 0% used [0x00000007bd100000,0x00000007bd100000,0x00000007be780000)
 ParOldGen       total 104448K, used 32049K [0x00000006c0c00000, 0x00000006c7200000, 0x000000076af00000)
  object space 104448K, 30% used [0x00000006c0c00000,0x00000006c2b4c780,0x00000006c7200000)
 Metaspace       used 12242K, capacity 12582K, committed 12928K, reserved 1060864K
  class space    used 1452K, capacity 1548K, committed 1664K, reserved 1048576K
}
Event: 1363.991 GC heap before
{Heap before GC invocations=2727 (full 24):
 PSYoungGen      total 1367552K, used 1346112K [0x000000076af00000, 0x00000007bfe00000, 0x00000007c0000000)
  eden space 1345536K, 100% used [0x000000076af00000,0x00000007bd100000,0x00000007bd100000)
  from space 22016K, 2% used [0x00000007be880000,0x00000007be910000,0x00000007bfe00000)
  to   space 23040K, 0% used [0x00000007bd100000,0x00000007bd100000,0x00000007be780000)
 ParOldGen       total 104448K, used 32049K [0x00000006c0c00000, 0x00000006c7200000, 0x000000076af00000)
  object space 104448K, 30% used [0x00000006c0c00000,0x00000006c2b4c780,0x00000006c7200000)
 Metaspace       used 12242K, capacity 12582K, committed 12928K, reserved 1060864K
  class space    used 1452K, capacity 1548K, committed 1664K, reserved 1048576K
Event: 1363.997 GC heap after
Heap after GC invocations=2727 (full 24):
 PSYoungGen      total 1368576K, used 8896K [0x000000076af00000, 0x00000007bfe00000, 0x00000007c0000000)
  eden space 1345536K, 0% used [0x000000076af00000,0x000000076af00000,0x00000007bd100000)
  from space 23040K, 38% used [0x00000007bd100000,0x00000007bd9b0000,0x00000007be780000)
  to   space 22016K, 0% used [0x00000007be880000,0x00000007be880000,0x00000007bfe00000)
 ParOldGen       total 104448K, used 32065K [0x00000006c0c00000, 0x00000006c7200000, 0x000000076af00000)
  object space 104448K, 30% used [0x00000006c0c00000,0x00000006c2b50780,0x00000006c7200000)
 Metaspace       used 12242K, capacity 12582K, committed 12928K, reserved 1060864K
  class space    used 1452K, capacity 1548K, committed 1664K, reserved 1048576K
}
Event: 1364.491 GC heap before
{Heap before GC invocations=2728 (full 24):
 PSYoungGen      total 1368576K, used 1354432K [0x000000076af00000, 0x00000007bfe00000, 0x00000007c0000000)
  eden space 1345536K, 100% used [0x000000076af00000,0x00000007bd100000,0x00000007bd100000)
  from space 23040K, 38% used [0x00000007bd100000,0x00000007bd9b0000,0x00000007be780000)
  to   space 22016K, 0% used [0x00000007be880000,0x00000007be880000,0x00000007bfe00000)
 ParOldGen       total 104448K, used 32065K [0x00000006c0c00000, 0x00000006c7200000, 0x000000076af00000)
  object space 104448K, 30% used [0x00000006c0c00000,0x00000006c2b50780,0x00000006c7200000)
 Metaspace       used 12242K, capacity 12582K, committed 12928K, reserved 1060864K
  class space    used 1452K, capacity 1548K, committed 1664K, reserved 1048576K
Event: 1364.501 GC heap after
Heap after GC invocations=2728 (full 24):
 PSYoungGen      total 1367552K, used 14144K [0x000000076af00000, 0x00000007bfe00000, 0x00000007c0000000)
  eden space 1345536K, 0% used [0x000000076af00000,0x000000076af00000,0x00000007bd100000)
  from space 22016K, 64% used [0x00000007be880000,0x00000007bf650000,0x00000007bfe00000)
  to   space 23040K, 0% used [0x00000007bd100000,0x00000007bd100000,0x00000007be780000)
 ParOldGen       total 104448K, used 32145K [0x00000006c0c00000, 0x00000006c7200000, 0x000000076af00000)
  object space 104448K, 30% used [0x00000006c0c00000,0x00000006c2b64780,0x00000006c7200000)
 Metaspace       used 12242K, capacity 12582K, committed 12928K, reserved 1060864K
  class space    used 1452K, capacity 1548K, committed 1664K, reserved 1048576K
}
Event: 1365.009 GC heap before
{Heap before GC invocations=2729 (full 24):
 PSYoungGen      total 1367552K, used 1359680K [0x000000076af00000, 0x00000007bfe00000, 0x00000007c0000000)
  eden space 1345536K, 100% used [0x000000076af00000,0x00000007bd100000,0x00000007bd100000)
  from space 22016K, 64% used [0x00000007be880000,0x00000007bf650000,0x00000007bfe00000)
  to   space 23040K, 0% used [0x00000007bd100000,0x00000007bd100000,0x00000007be780000)
 ParOldGen       total 104448K, used 32145K [0x00000006c0c00000, 0x00000006c7200000, 0x000000076af00000)
  object space 104448K, 30% used [0x00000006c0c00000,0x00000006c2b64780,0x00000006c7200000)
 Metaspace       used 12242K, capacity 12582K, committed 12928K, reserved 1060864K
  class space    used 1452K, capacity 1548K, committed 1664K, reserved 1048576K
Event: 1365.009 GC heap after
Heap after GC invocations=2729 (full 24):
 PSYoungGen      total 1368576K, used 704K [0x000000076af00000, 0x00000007bfe00000, 0x00000007c0000000)
  eden space 1345536K, 0% used [0x000000076af00000,0x000000076af00000,0x00000007bd100000)
  from space 23040K, 3% used [0x00000007bd100000,0x00000007bd1b0000,0x00000007be780000)
  to   space 22016K, 0% used [0x00000007be880000,0x00000007be880000,0x00000007bfe00000)
 ParOldGen       total 104448K, used 32337K [0x00000006c0c00000, 0x00000006c7200000, 0x000000076af00000)
  object space 104448K, 30% used [0x00000006c0c00000,0x00000006c2b94780,0x00000006c7200000)
 Metaspace       used 12242K, capacity 12582K, committed 12928K, reserved 1060864K
  class space    used 1452K, capacity 1548K, committed 1664K, reserved 1048576K
}
Event: 1365.485 GC heap before
{Heap before GC invocations=2730 (full 24):
 PSYoungGen      total 1368576K, used 1346240K [0x000000076af00000, 0x00000007bfe00000, 0x00000007c0000000)
  eden space 1345536K, 100% used [0x000000076af00000,0x00000007bd100000,0x00000007bd100000)
  from space 23040K, 3% used [0x00000007bd100000,0x00000007bd1b0000,0x00000007be780000)
  to   space 22016K, 0% used [0x00000007be880000,0x00000007be880000,0x00000007bfe00000)
 ParOldGen       total 104448K, used 32337K [0x00000006c0c00000, 0x00000006c7200000, 0x000000076af00000)
  object space 104448K, 30% used [0x00000006c0c00000,0x00000006c2b94780,0x00000006c7200000)
 Metaspace       used 12242K, capacity 12582K, committed 12928K, reserved 1060864K
  class space    used 1452K, capacity 1548K, committed 1664K, reserved 1048576K
Event: 1365.490 GC heap after
Heap after GC invocations=2730 (full 24):
 PSYoungGen      total 1370112K, used 8128K [0x000000076af00000, 0x00000007bfe00000, 0x00000007c0000000)
  eden space 1348096K, 0% used [0x000000076af00000,0x000000076af00000,0x00000007bd380000)
  from space 22016K, 36% used [0x00000007be880000,0x00000007bf070000,0x00000007bfe00000)
  to   space 21504K, 0% used [0x00000007bd380000,0x00000007bd380000,0x00000007be880000)
 ParOldGen       total 104448K, used 32385K [0x00000006c0c00000, 0x00000006c7200000, 0x000000076af00000)
  object space 104448K, 31% used [0x00000006c0c00000,0x00000006c2ba0780,0x00000006c7200000)
 Metaspace       used 12242K, capacity 12582K, committed 12928K, reserved 1060864K
  class space    used 1452K, capacity 1548K, committed 1664K, reserved 1048576K
}

Deoptimization events (10 events):
Event: 415.807 Thread 0x000000001dd27800 Uncommon trap: reason=unstable_if action=reinterpret pc=0x0000000002d6397c method=javax.swing.RepaintManager.updateWindows(Ljava/util/Map;)V @ 74
Event: 415.809 Thread 0x000000001dd27800 Uncommon trap: reason=unstable_if action=reinterpret pc=0x0000000002636e4c method=javax.swing.RepaintManager.scheduleHeavyWeightPaints()V @ 13
Event: 415.812 Thread 0x000000001dd27800 Uncommon trap: reason=unstable_if action=reinterpret pc=0x00000000027720e0 method=javax.swing.RepaintManager$4.run()Ljava/lang/Void; @ 55
Event: 415.812 Thread 0x000000001dd27800 Uncommon trap: reason=speculate_class_check action=maybe_recompile pc=0x0000000002939230 method=javax.swing.JComponent.rectangleIsObscured(IIII)Z @ 97
Event: 415.812 Thread 0x000000001dd27800 Uncommon trap: reason=speculate_class_check action=maybe_recompile pc=0x0000000002939230 method=javax.swing.JComponent.rectangleIsObscured(IIII)Z @ 97
Event: 417.414 Thread 0x000000001dd27800 Uncommon trap: reason=class_check action=maybe_recompile pc=0x0000000002c47fe0 method=java.awt.EventQueue.dispatchEventImpl(Ljava/awt/AWTEvent;Ljava/lang/Object;)V @ 18
Event: 842.818 Thread 0x000000001d818000 Uncommon trap: reason=unstable_if action=reinterpret pc=0x0000000002da5e64 method=sun.misc.FloatingDecimal$BinaryToASCIIBuffer.dtoa(IJIZ)V @ 1056
Event: 1324.131 Thread 0x000000001d818000 Uncommon trap: reason=unstable_if action=reinterpret pc=0x000000000287d8ec method=sun.misc.FloatingDecimal$BinaryToASCIIBuffer.dtoa(IJIZ)V @ 88
Event: 1365.741 Thread 0x000000001e215000 Uncommon trap: reason=unstable_if action=reinterpret pc=0x0000000002c9a1c0 method=ohHellCore.AiKernel.makePlay(LohHellCore/AiPlayer;I)V @ 7
Event: 1365.742 Thread 0x000000001e213000 Uncommon trap: reason=unstable_if action=reinterpret pc=0x0000000002c58058 method=ohHellCore.AiKernel.makePlay(LohHellCore/AiPlayer;I)V @ 7

Classes redefined (0 events):
No events

Internal exceptions (10 events):
Event: 1365.077 Thread 0x000000001e216000 Exception <a 'java/lang/InterruptedException': sleep interrupted> (0x0000000774574728) thrown at [C:\jenkins\workspace\8-2-build-windows-amd64-cygwin\jdk8u251\737\hotspot\src\share\vm\prims\jvm.cpp, line 3288]
Event: 1365.077 Thread 0x000000001e216000 Exception <a 'java/lang/InterruptedException': sleep interrupted> (0x0000000774580300) thrown at [C:\jenkins\workspace\8-2-build-windows-amd64-cygwin\jdk8u251\737\hotspot\src\share\vm\prims\jvm.cpp, line 3288]
Event: 1365.077 Thread 0x000000001e216000 Exception <a 'java/lang/InterruptedException': sleep interrupted> (0x000000077458bec0) thrown at [C:\jenkins\workspace\8-2-build-windows-amd64-cygwin\jdk8u251\737\hotspot\src\share\vm\prims\jvm.cpp, line 3288]
Event: 1365.077 Thread 0x000000001e216000 Exception <a 'java/lang/InterruptedException': sleep interrupted> (0x00000007745a1ed0) thrown at [C:\jenkins\workspace\8-2-build-windows-amd64-cygwin\jdk8u251\737\hotspot\src\share\vm\prims\jvm.cpp, line 3288]
Event: 1365.077 Thread 0x000000001e216000 Exception <a 'java/lang/InterruptedException': sleep interrupted> (0x00000007745a37e0) thrown at [C:\jenkins\workspace\8-2-build-windows-amd64-cygwin\jdk8u251\737\hotspot\src\share\vm\prims\jvm.cpp, line 3288]
Event: 1365.077 Thread 0x000000001e216000 Exception <a 'java/lang/InterruptedException': sleep interrupted> (0x00000007745a50b8) thrown at [C:\jenkins\workspace\8-2-build-windows-amd64-cygwin\jdk8u251\737\hotspot\src\share\vm\prims\jvm.cpp, line 3288]
Event: 1365.077 Thread 0x000000001e216000 Exception <a 'java/lang/InterruptedException': sleep interrupted> (0x00000007745a58a0) thrown at [C:\jenkins\workspace\8-2-build-windows-amd64-cygwin\jdk8u251\737\hotspot\src\share\vm\prims\jvm.cpp, line 3288]
Event: 1365.077 Thread 0x000000001e216000 Exception <a 'java/lang/InterruptedException': sleep interrupted> (0x00000007745a6088) thrown at [C:\jenkins\workspace\8-2-build-windows-amd64-cygwin\jdk8u251\737\hotspot\src\share\vm\prims\jvm.cpp, line 3288]
Event: 1365.077 Thread 0x000000001e216000 Exception <a 'java/lang/InterruptedException': sleep interrupted> (0x00000007745b4678) thrown at [C:\jenkins\workspace\8-2-build-windows-amd64-cygwin\jdk8u251\737\hotspot\src\share\vm\prims\jvm.cpp, line 3288]
Event: 1365.077 Thread 0x000000001d818000 Exception <a 'java/lang/InterruptedException': sleep interrupted> (0x000000076c27cc68) thrown at [C:\jenkins\workspace\8-2-build-windows-amd64-cygwin\jdk8u251\737\hotspot\src\share\vm\prims\jvm.cpp, line 3336]

Events (10 events):
Event: 1365.741 Thread 0x000000001e215000 DEOPT UNPACKING pc=0x000000000253583b sp=0x000000002ff3ee70 mode 2
Event: 1365.741 Thread 0x000000001e213000 Thread added: 0x000000001e213000
Event: 1365.742 Thread 0x000000001e213000 Uncommon trap: trap_request=0xffffff65 fr.pc=0x0000000002c58058
Event: 1365.742 Thread 0x000000001e213000 DEOPT PACKING pc=0x0000000002c58058 sp=0x000000003003eac0
Event: 1365.742 Thread 0x000000001e213000 DEOPT UNPACKING pc=0x000000000253583b sp=0x000000003003ea28 mode 2
Event: 1365.742 Thread 0x000000001e213800 Thread added: 0x000000001e213800
Event: 1365.743 Thread 0x000000001e214800 Thread added: 0x000000001e214800
Event: 1365.743 Thread 0x000000001e212000 Thread added: 0x000000001e212000
Event: 1365.743 Thread 0x000000002c226800 Thread added: 0x000000002c226800
Event: 1365.744 Thread 0x000000002c225000 Thread added: 0x000000002c225000


Dynamic libraries:
0x00007ff793380000 - 0x00007ff7933b7000 	C:\Program Files\Java\jre1.8.0_251\bin\javaw.exe
0x00007ff81ecd0000 - 0x00007ff81eec6000 	C:\WINDOWS\SYSTEM32\ntdll.dll
0x00007ff81ebd0000 - 0x00007ff81ec8d000 	C:\WINDOWS\System32\KERNEL32.DLL
0x00007ff81ca60000 - 0x00007ff81cd29000 	C:\WINDOWS\System32\KERNELBASE.dll
0x00007ff81d2e0000 - 0x00007ff81d38c000 	C:\WINDOWS\System32\ADVAPI32.dll
0x00007ff81e570000 - 0x00007ff81e60e000 	C:\WINDOWS\System32\msvcrt.dll
0x00007ff81d040000 - 0x00007ff81d0dc000 	C:\WINDOWS\System32\sechost.dll
0x00007ff81cf10000 - 0x00007ff81d03b000 	C:\WINDOWS\System32\RPCRT4.dll
0x00007ff81de80000 - 0x00007ff81e020000 	C:\WINDOWS\System32\USER32.dll
0x00007ff81c9a0000 - 0x00007ff81c9c2000 	C:\WINDOWS\System32\win32u.dll
0x00007ff81dd30000 - 0x00007ff81dd5a000 	C:\WINDOWS\System32\GDI32.dll
0x00007ff81c840000 - 0x00007ff81c949000 	C:\WINDOWS\System32\gdi32full.dll
0x00007ff81c410000 - 0x00007ff81c4ad000 	C:\WINDOWS\System32\msvcp_win.dll
0x00007ff81c740000 - 0x00007ff81c840000 	C:\WINDOWS\System32\ucrtbase.dll
0x00007ff807d10000 - 0x00007ff807fab000 	C:\WINDOWS\WinSxS\amd64_microsoft.windows.common-controls_6595b64144ccf1df_6.0.19041.488_none_ca04af081b815d21\COMCTL32.dll
0x00007ff81d1b0000 - 0x00007ff81d1e0000 	C:\WINDOWS\System32\IMM32.DLL
0x000000006e510000 - 0x000000006e5e2000 	C:\Program Files\Java\jre1.8.0_251\bin\msvcr100.dll
0x000000006c680000 - 0x000000006cf2b000 	C:\Program Files\Java\jre1.8.0_251\bin\server\jvm.dll
0x00007ff81d2d0000 - 0x00007ff81d2d8000 	C:\WINDOWS\System32\PSAPI.DLL
0x00007ff806d80000 - 0x00007ff806d89000 	C:\WINDOWS\SYSTEM32\WSOCK32.dll
0x00007ff811250000 - 0x00007ff811277000 	C:\WINDOWS\SYSTEM32\WINMM.dll
0x00007ff811280000 - 0x00007ff81128a000 	C:\WINDOWS\SYSTEM32\VERSION.dll
0x00007ff81d260000 - 0x00007ff81d2cb000 	C:\WINDOWS\System32\WS2_32.dll
0x00007ff817700000 - 0x00007ff81770f000 	C:\Program Files\Java\jre1.8.0_251\bin\verify.dll
0x00007ff8176d0000 - 0x00007ff8176f9000 	C:\Program Files\Java\jre1.8.0_251\bin\java.dll
0x00007ff817580000 - 0x00007ff817596000 	C:\Program Files\Java\jre1.8.0_251\bin\zip.dll
0x00007ff81d5c0000 - 0x00007ff81dd02000 	C:\WINDOWS\System32\SHELL32.dll
0x00007ff81a580000 - 0x00007ff81ad15000 	C:\WINDOWS\SYSTEM32\windows.storage.dll
0x00007ff81e610000 - 0x00007ff81e966000 	C:\WINDOWS\System32\combase.dll
0x00007ff81be80000 - 0x00007ff81beac000 	C:\WINDOWS\SYSTEM32\Wldp.dll
0x00007ff81eb20000 - 0x00007ff81ebce000 	C:\WINDOWS\System32\SHCORE.dll
0x00007ff81ceb0000 - 0x00007ff81cf05000 	C:\WINDOWS\System32\shlwapi.dll
0x00007ff81c340000 - 0x00007ff81c366000 	C:\WINDOWS\SYSTEM32\profapi.dll
0x00007ff80bb70000 - 0x00007ff80bd0a000 	C:\Program Files\Java\jre1.8.0_251\bin\awt.dll
0x00007ff81cd30000 - 0x00007ff81cdfd000 	C:\WINDOWS\System32\OLEAUT32.dll
0x00007ff819cf0000 - 0x00007ff819d80000 	C:\WINDOWS\SYSTEM32\apphelp.dll
0x00007ff81a1a0000 - 0x00007ff81a1cf000 	C:\WINDOWS\system32\DWMAPI.DLL
0x00007ff819e70000 - 0x00007ff819f0e000 	C:\WINDOWS\system32\uxtheme.dll
0x00007fffdeda0000 - 0x00007fffdeec5000 	C:\WINDOWS\system32\opengl32.dll
0x00007fffdebb0000 - 0x00007fffdebdc000 	C:\WINDOWS\SYSTEM32\GLU32.dll
0x00007ff81dd60000 - 0x00007ff81de76000 	C:\WINDOWS\System32\MSCTF.dll
0x00007fffbb960000 - 0x00007fffbb98c000 	C:\PROGRA~2\RAPTRI~1\Raptr\ltc_help64-119906.dll
0x00007ff81c9d0000 - 0x00007ff81ca30000 	C:\WINDOWS\System32\WINTRUST.dll
0x00007ff81c5e0000 - 0x00007ff81c73d000 	C:\WINDOWS\System32\CRYPT32.dll
0x00007ff81c000000 - 0x00007ff81c012000 	C:\WINDOWS\System32\MSASN1.dll
0x00007ff81d490000 - 0x00007ff81d5ba000 	C:\WINDOWS\System32\ole32.dll
0x00007ff81a380000 - 0x00007ff81a392000 	C:\WINDOWS\SYSTEM32\kernel.appcore.dll
0x00007ff81c560000 - 0x00007ff81c5e0000 	C:\WINDOWS\System32\bcryptPrimitives.dll
0x00007fffe4310000 - 0x00007fffe44df000 	C:\WINDOWS\system32\d3d9.dll
0x00007ff811290000 - 0x00007ff81146d000 	C:\WINDOWS\System32\DriverStore\FileRepository\c0346830.inf_amd64_f723e13ffb3b2652\B345901\aticfx64.dll
0x00007fffdded0000 - 0x00007fffddf00000 	C:\WINDOWS\System32\DriverStore\FileRepository\c0346830.inf_amd64_f723e13ffb3b2652\B345901\atiu9p64.dll
0x00007fffd4c50000 - 0x00007fffd591e000 	C:\WINDOWS\System32\DriverStore\FileRepository\c0346830.inf_amd64_f723e13ffb3b2652\B345901\atiumd64.dll
0x00007ff812aa0000 - 0x00007ff812c84000 	C:\WINDOWS\SYSTEM32\dbghelp.dll
0x00007ff812a70000 - 0x00007ff812a9c000 	C:\WINDOWS\SYSTEM32\dbgcore.DLL
0x000000006d5c0000 - 0x000000006e354000 	C:\WINDOWS\System32\DriverStore\FileRepository\c0346830.inf_amd64_f723e13ffb3b2652\B345901\atiumd6a.dll
0x00007ff81ba10000 - 0x00007ff81ba5b000 	C:\WINDOWS\SYSTEM32\POWRPROF.dll
0x00007ff81b880000 - 0x00007ff81b892000 	C:\WINDOWS\SYSTEM32\UMPDC.dll
0x00007ff8100e0000 - 0x00007ff81010b000 	C:\WINDOWS\SYSTEM32\amdihk64.dll
0x00007ff811710000 - 0x00007ff81174b000 	C:\WINDOWS\SYSTEM32\dxcore.dll
0x00007ff81c950000 - 0x00007ff81c99e000 	C:\WINDOWS\System32\cfgmgr32.dll
0x00007ff817030000 - 0x00007ff817079000 	C:\Program Files\Java\jre1.8.0_251\bin\fontmanager.dll
0x00007ff81ce00000 - 0x00007ff81cea9000 	C:\WINDOWS\System32\clbcatq.dll
0x00007ff8147b0000 - 0x00007ff814964000 	C:\WINDOWS\SYSTEM32\WindowsCodecs.dll
0x00007ff81ca30000 - 0x00007ff81ca57000 	C:\WINDOWS\System32\bcrypt.dll
0x00007ffffec00000 - 0x00007ffffec3e000 	C:\WINDOWS\system32\dataexchange.dll
0x00007ff819110000 - 0x00007ff8192f7000 	C:\WINDOWS\system32\dcomp.dll
0x00007ff818900000 - 0x00007ff818b64000 	C:\WINDOWS\system32\d3d11.dll
0x00007ff81ad60000 - 0x00007ff81ae53000 	C:\WINDOWS\system32\dxgi.dll
0x00007ff814cc0000 - 0x00007ff814ec8000 	C:\WINDOWS\system32\twinapi.appcore.dll
0x00007ff817540000 - 0x00007ff81755a000 	C:\Program Files\Java\jre1.8.0_251\bin\net.dll
0x00007ff81bc00000 - 0x00007ff81bc6a000 	C:\WINDOWS\system32\mswsock.dll
0x00007ff817520000 - 0x00007ff817532000 	C:\Program Files\Java\jre1.8.0_251\bin\nio.dll
0x00007ff816650000 - 0x00007ff816692000 	C:\Program Files\Java\jre1.8.0_251\bin\t2k.dll
0x00007ff80e220000 - 0x00007ff80e31d000 	C:\WINDOWS\SYSTEM32\textinputframework.dll
0x00007ff819680000 - 0x00007ff8199de000 	C:\WINDOWS\System32\CoreUIComponents.dll
0x00007ff8199e0000 - 0x00007ff819ad2000 	C:\WINDOWS\System32\CoreMessaging.dll
0x00007ff81b150000 - 0x00007ff81b183000 	C:\WINDOWS\SYSTEM32\ntmarta.dll
0x00007ff8181e0000 - 0x00007ff818336000 	C:\WINDOWS\SYSTEM32\wintypes.dll
0x00007ff81bdd0000 - 0x00007ff81bde8000 	C:\WINDOWS\System32\CRYPTSP.dll
0x00007ff81b520000 - 0x00007ff81b554000 	C:\WINDOWS\system32\rsaenh.dll
0x00007ff81bdf0000 - 0x00007ff81bdfc000 	C:\WINDOWS\SYSTEM32\CRYPTBASE.dll
0x00007ff81dd10000 - 0x00007ff81dd2d000 	C:\WINDOWS\System32\imagehlp.dll
0x00007ff81ad30000 - 0x00007ff81ad53000 	C:\WINDOWS\SYSTEM32\gpapi.dll
0x00007ff8162b0000 - 0x00007ff8162e1000 	C:\Windows\System32\cryptnet.dll
0x00007ff81b8a0000 - 0x00007ff81b8db000 	C:\WINDOWS\SYSTEM32\IPHLPAPI.DLL
0x00007ff814970000 - 0x00007ff81497b000 	C:\WINDOWS\SYSTEM32\WINNSI.DLL
0x00007ff81d0e0000 - 0x00007ff81d0e8000 	C:\WINDOWS\System32\NSI.dll
0x00007fffe66f0000 - 0x00007fffe6934000 	C:\PROGRA~2\RAPTRI~1\Raptr\ltc_game64-119906.dll

VM Arguments:
jvm_args: -Dfile.encoding=UTF-8 
java_command: AiTrainerRBP
java_class_path (initial): C:\Users\Campbell\git\OhHell\OhHellAIWorkshop\bin;C:\Users\Campbell\git\OhHell\OhHellCore\bin
Launcher Type: SUN_STANDARD

Environment Variables:
PATH=C:/Program Files/Java/jre1.8.0_251/bin/server;C:/Program Files/Java/jre1.8.0_251/bin;C:/Program Files/Java/jre1.8.0_251/lib/amd64;C:\Program Files (x86)\Common Files\Oracle\Java\javapath;C:\ProgramData\Oracle\Java\javapath;C:\Program Files (x86)\NVIDIA Corporation\PhysX\Common;C:\WINDOWS\system32;C:\WINDOWS;C:\WINDOWS\System32\Wbem;C:\WINDOWS\System32\WindowsPowerShell\v1.0\;C:\Program Files (x86)\ATI Technologies\ATI.ACE\Core-Static;C:\Program Files (x86)\Skype\Phone\;C:\WINDOWS\System32\OpenSSH\;E:\Program Files\MiKTeX 2.9\miktex\bin\x64\;C:\Program Files (x86)\Wolfram Research\WolframScript\;C:\Program Files\PuTTY\;C:\Users\Campbell\AppData\Local\Programs\Python\Python38-32\Scripts\;C:\Users\Campbell\AppData\Local\Programs\Python\Python38-32\;C:\Users\Campbell\AppData\Local\Programs\MiKTeX 2.9\miktex\bin\;C:\Users\Campbell\AppData\Local\Microsoft\WindowsApps;;C:\Users\Campbell\eclipse\jee-neon\eclipse;
USERNAME=Campbell
OS=Windows_NT
PROCESSOR_IDENTIFIER=Intel64 Family 6 Model 94 Stepping 3, GenuineIntel



---------------  S Y S T E M  ---------------

OS: Windows 10.0 , 64 bit Build 19041 (10.0.19041.662)

CPU:total 4 (initial active 4) (4 cores per cpu, 1 threads per core) family 6 model 94 stepping 3, cmov, cx8, fxsr, mmx, sse, sse2, sse3, ssse3, sse4.1, sse4.2, popcnt, avx, avx2, aes, clmul, erms, rtm, 3dnowpref, lzcnt, tsc, tscinvbit, bmi1, bmi2, adx

Memory: 4k page, physical 16726868k(3728020k free), swap 25417736k(0k free)

vm_info: Java HotSpot(TM) 64-Bit Server VM (25.251-b08) for windows-amd64 JRE (1.8.0_251-b08), built on Mar 12 2020 06:31:49 by "" with MS VC++ 10.0 (VS2010)

time: Thu Dec 17 17:40:11 2020
timezone: Eastern Standard Time
elapsed time: 1365 seconds (0d 0h 22m 45s)

